<?xml version="1.0" encoding="UTF-8"?>
<!-- Generated by org.testng.reporters.JUnitReportReporter -->
<testsuite hostname="RTLP-JER-1152" failures="0" tests="1" name="com.loginpage.Validloginwithdashboard" time="5.638" errors="0" timestamp="2024-07-08T15:04:29 GMT-07:00" skipped="0">
  <testcase classname="com.loginpage.Validloginwithdashboard" name="validcrendentials" time="5.638"/>
  <system-out/>
</testsuite> <!-- com.loginpage.Validloginwithdashboard -->
