<?xml version="1.0" encoding="UTF-8"?>
<!-- Generated by org.testng.reporters.JUnitReportReporter -->
<testsuite hostname="RTLP-JER-1152" failures="0" tests="8" name="com.loginpage.Validloginwithdashboard" time="28.087" errors="0" timestamp="2024-07-11T17:58:30 GMT-07:00" skipped="2">
  <testcase classname="com.loginpage.Validloginwithdashboard" name="validcrendentials" time="5.078"/>
  <system-out/>
  <testcase classname="com.loginpage.Validloginwithdashboard" name="crm" time="0.348"/>
  <system-out/>
  <testcase classname="com.loginpage.Validloginwithdashboard" name="lead" time="0.951"/>
  <system-out/>
  <testcase classname="com.loginpage.Validloginwithdashboard" name="validationmessageofcontactinfo" time="0.979"/>
  <system-out/>
  <testcase classname="com.loginpage.Validloginwithdashboard" name="contactinfo" time="20.079"/>
  <system-out/>
  <testcase classname="com.loginpage.Validloginwithdashboard" name="validationmessageofsalesfollowup" time="0.652"/>
  <system-out/>
  <testcase classname="com.loginpage.Validloginwithdashboard" name="hrms">
    <skipped/>
  </testcase> <!-- hrms -->
  <system-out/>
  <testcase classname="com.loginpage.Validloginwithdashboard" name="searchbar">
    <skipped/>
  </testcase> <!-- searchbar -->
  <system-out/>
</testsuite> <!-- com.loginpage.Validloginwithdashboard -->
