<?xml version="1.0" encoding="UTF-8"?>
<!-- Generated by org.testng.reporters.JUnitReportReporter -->
<testsuite hostname="RTLP-JER-1152" failures="0" tests="11" name="com.loginpage.Datadriven" time="74.941" errors="0" timestamp="2024-07-04T17:48:54 GMT-07:00" skipped="0">
  <testcase classname="com.loginpage.Datadriven" name="launchbrowser" time="6.174"/>
  <system-out/>
  <testcase classname="com.loginpage.Datadriven" name="launchbrowser" time="6.615"/>
  <system-out/>
  <testcase classname="com.loginpage.Datadriven" name="launchbrowser" time="7.021"/>
  <system-out/>
  <testcase classname="com.loginpage.Datadriven" name="launchbrowser" time="6.705"/>
  <system-out/>
  <testcase classname="com.loginpage.Datadriven" name="launchbrowser" time="8.461"/>
  <system-out/>
  <testcase classname="com.loginpage.Datadriven" name="launchbrowser" time="6.663"/>
  <system-out/>
  <testcase classname="com.loginpage.Datadriven" name="launchbrowser" time="5.955"/>
  <system-out/>
  <testcase classname="com.loginpage.Datadriven" name="launchbrowser" time="6.601"/>
  <system-out/>
  <testcase classname="com.loginpage.Datadriven" name="launchbrowser" time="6.709"/>
  <system-out/>
  <testcase classname="com.loginpage.Datadriven" name="launchbrowser" time="6.740"/>
  <system-out/>
  <testcase classname="com.loginpage.Datadriven" name="launchbrowser" time="7.297"/>
  <system-out/>
</testsuite> <!-- com.loginpage.Datadriven -->
