<?xml version="1.0" encoding="UTF-8"?>
<!-- Generated by org.testng.reporters.JUnitReportReporter -->
<testsuite hostname="RLTP-SATHYAVANI-1117" failures="0" tests="2" name="com.loginpage.Validloginwithdashboard" time="5.669" errors="0" timestamp="2024-07-10T17:39:56 IST" skipped="0">
  <testcase classname="com.loginpage.Validloginwithdashboard" name="validcrendentials" time="4.053"/>
  <system-out/>
  <testcase classname="com.loginpage.Validloginwithdashboard" name="hrms" time="1.616"/>
  <system-out/>
</testsuite> <!-- com.loginpage.Validloginwithdashboard -->
