<?xml version="1.0" encoding="UTF-8"?>
<!-- Generated by org.testng.reporters.JUnitReportReporter -->
<testsuite hostname="RTLP-JER-1152" failures="0" tests="2" name="com.loginpage.Validloginwithdashboard" time="7.695" errors="0" timestamp="2024-07-09T17:31:52 GMT-07:00" skipped="0">
  <testcase classname="com.loginpage.Validloginwithdashboard" name="validcrendentials" time="5.575"/>
  <system-out/>
  <testcase classname="com.loginpage.Validloginwithdashboard" name="hrms" time="2.120"/>
  <system-out/>
</testsuite> <!-- com.loginpage.Validloginwithdashboard -->
